0 info it worked if it ends with ok
1 verbose cli [ '/usr/local/bin/node', '/usr/local/bin/npm', 'owner', 'ls' ]
2 info using npm@3.3.12
3 info using node@v5.5.0
4 silly mapToRegistry name FCC-URL-shortener
5 silly mapToRegistry using default registry
6 silly mapToRegistry registry https://registry.npmjs.org/
7 silly mapToRegistry uri https://registry.npmjs.org/FCC-URL-shortener
8 verbose request uri https://registry.npmjs.org/FCC-URL-shortener
9 verbose request no auth needed
10 info attempt registry request try #1 at 9:01:52 PM
11 verbose request using bearer token for auth
12 verbose request id a48e6b3fb2199aab
13 http request GET https://registry.npmjs.org/FCC-URL-shortener
14 http 404 https://registry.npmjs.org/FCC-URL-shortener
15 verbose headers { 'content-type': 'application/json',
15 verbose headers   'cache-control': 'max-age=0',
15 verbose headers   'content-length': '2',
15 verbose headers   'accept-ranges': 'bytes',
15 verbose headers   date: 'Sun, 01 May 2016 02:01:52 GMT',
15 verbose headers   via: '1.1 varnish',
15 verbose headers   connection: 'keep-alive',
15 verbose headers   'x-served-by': 'cache-dfw1844-DFW',
15 verbose headers   'x-cache': 'MISS',
15 verbose headers   'x-cache-hits': '0',
15 verbose headers   'x-timer': 'S1462068112.386429,VS0,VE193',
15 verbose headers   vary: 'Accept-Encoding' }
16 silly get cb [ 404,
16 silly get   { 'content-type': 'application/json',
16 silly get     'cache-control': 'max-age=0',
16 silly get     'content-length': '2',
16 silly get     'accept-ranges': 'bytes',
16 silly get     date: 'Sun, 01 May 2016 02:01:52 GMT',
16 silly get     via: '1.1 varnish',
16 silly get     connection: 'keep-alive',
16 silly get     'x-served-by': 'cache-dfw1844-DFW',
16 silly get     'x-cache': 'MISS',
16 silly get     'x-cache-hits': '0',
16 silly get     'x-timer': 'S1462068112.386429,VS0,VE193',
16 silly get     vary: 'Accept-Encoding' } ]
17 error owner ls Couldn't get owner data FCC-URL-shortener
18 verbose stack Error: Registry returned 404 for GET on https://registry.npmjs.org/FCC-URL-shortener
18 verbose stack     at makeError (/usr/local/lib/node_modules/npm/node_modules/npm-registry-client/lib/request.js:264:12)
18 verbose stack     at CachingRegistryClient.<anonymous> (/usr/local/lib/node_modules/npm/node_modules/npm-registry-client/lib/request.js:242:14)
18 verbose stack     at Request._callback (/usr/local/lib/node_modules/npm/node_modules/npm-registry-client/lib/request.js:172:14)
18 verbose stack     at Request.self.callback (/usr/local/lib/node_modules/npm/node_modules/request/request.js:198:22)
18 verbose stack     at emitTwo (events.js:100:13)
18 verbose stack     at Request.emit (events.js:185:7)
18 verbose stack     at Request.<anonymous> (/usr/local/lib/node_modules/npm/node_modules/request/request.js:1082:10)
18 verbose stack     at emitOne (events.js:95:20)
18 verbose stack     at Request.emit (events.js:182:7)
18 verbose stack     at IncomingMessage.<anonymous> (/usr/local/lib/node_modules/npm/node_modules/request/request.js:1009:12)
19 verbose statusCode 404
20 verbose pkgid FCC-URL-shortener
21 verbose cwd /Users/phil/projects/FCC-URL-shortener
22 error Darwin 15.4.0
23 error argv "/usr/local/bin/node" "/usr/local/bin/npm" "owner" "ls"
24 error node v5.5.0
25 error npm  v3.3.12
26 error code E404
27 error 404 Registry returned 404 for GET on https://registry.npmjs.org/FCC-URL-shortener
27 error 404
27 error 404 'FCC-URL-shortener' is not in the npm registry.
27 error 404 Your package name is not valid, because
27 error 404
27 error 404  1. name can no longer contain capital letters
27 error 404
27 error 404 Note that you can also install from a
27 error 404 tarball, folder, http url, or git url.
28 verbose exit [ 1, true ]
